<?xml version="1.0" encoding="UTF-8"?>
<testng-results ignored="0" total="1" passed="1" failed="0" skipped="0">
  <reporter-output>
  </reporter-output>
  <suite started-at="2025-08-13T20:28:59 IST" name="Default suite" finished-at="2025-08-13T20:29:11 IST" duration-ms="12082">
    <groups>
    </groups>
    <test started-at="2025-08-13T20:28:59 IST" name="Default test" finished-at="2025-08-13T20:29:11 IST" duration-ms="12082">
      <class name="testDemo1.Annotations">
        <test-method is-config="true" signature="beforeSuite()[pri:0, instance:testDemo1.Annotations@3b0090a4]" started-at="2025-08-13T20:28:59 IST" name="beforeSuite" finished-at="2025-08-13T20:28:59 IST" duration-ms="14" status="PASS">
          <reporter-output>
          </reporter-output>
        </test-method> <!-- beforeSuite -->
        <test-method is-config="true" signature="beforeTest()[pri:0, instance:testDemo1.Annotations@3b0090a4]" started-at="2025-08-13T20:28:59 IST" name="beforeTest" finished-at="2025-08-13T20:28:59 IST" duration-ms="2" status="PASS">
          <reporter-output>
          </reporter-output>
        </test-method> <!-- beforeTest -->
        <test-method is-config="true" signature="beforeClass()[pri:0, instance:testDemo1.Annotations@3b0090a4]" started-at="2025-08-13T20:28:59 IST" name="beforeClass" finished-at="2025-08-13T20:29:03 IST" duration-ms="3734" status="PASS">
          <reporter-output>
          </reporter-output>
        </test-method> <!-- beforeClass -->
        <test-method is-config="true" signature="beforeMethod()[pri:0, instance:testDemo1.Annotations@3b0090a4]" started-at="2025-08-13T20:29:03 IST" name="beforeMethod" finished-at="2025-08-13T20:29:08 IST" duration-ms="4663" status="PASS">
          <reporter-output>
          </reporter-output>
        </test-method> <!-- beforeMethod -->
        <test-method signature="LoginTest()[pri:2, instance:testDemo1.Annotations@3b0090a4]" started-at="2025-08-13T20:29:08 IST" name="LoginTest" finished-at="2025-08-13T20:29:10 IST" duration-ms="1921" status="PASS">
          <reporter-output>
          </reporter-output>
        </test-method> <!-- LoginTest -->
        <test-method is-config="true" signature="afterMethod()[pri:0, instance:testDemo1.Annotations@3b0090a4]" started-at="2025-08-13T20:29:10 IST" name="afterMethod" finished-at="2025-08-13T20:29:11 IST" duration-ms="1389" status="PASS">
          <reporter-output>
          </reporter-output>
        </test-method> <!-- afterMethod -->
        <test-method is-config="true" signature="afterClass()[pri:0, instance:testDemo1.Annotations@3b0090a4]" started-at="2025-08-13T20:29:11 IST" name="afterClass" finished-at="2025-08-13T20:29:11 IST" duration-ms="289" status="PASS">
          <reporter-output>
          </reporter-output>
        </test-method> <!-- afterClass -->
        <test-method is-config="true" signature="afterTest()[pri:0, instance:testDemo1.Annotations@3b0090a4]" started-at="2025-08-13T20:29:11 IST" name="afterTest" finished-at="2025-08-13T20:29:11 IST" duration-ms="0" status="PASS">
          <reporter-output>
          </reporter-output>
        </test-method> <!-- afterTest -->
        <test-method is-config="true" signature="afterSuite()[pri:0, instance:testDemo1.Annotations@3b0090a4]" started-at="2025-08-13T20:29:11 IST" name="afterSuite" finished-at="2025-08-13T20:29:11 IST" duration-ms="0" status="PASS">
          <reporter-output>
          </reporter-output>
        </test-method> <!-- afterSuite -->
      </class> <!-- testDemo1.Annotations -->
    </test> <!-- Default test -->
  </suite> <!-- Default suite -->
</testng-results>
